<?xml version="1.0" encoding="UTF-8"?>
<coverage generated="1569393745002" clover="3.2.0">
  <project timestamp="1569393745002" name="All files">
    <metrics statements="84" coveredstatements="0" conditionals="4" coveredconditionals="0" methods="44" coveredmethods="0" elements="132" coveredelements="0" complexity="0" loc="84" ncloc="84" packages="2" files="10" classes="10">
      <package name="src">
        <metrics statements="1" coveredstatements="0" conditionals="0" coveredconditionals="0" methods="0" coveredmethods="0"/>
        <file name="App.vue" path="/home/ddi-pc-10/Markup Development/Vue Learn/employeemanager/src/App.vue">
          <metrics statements="1" coveredstatements="0" conditionals="0" coveredconditionals="0" methods="0" coveredmethods="0"/>
          <line num="14" count="0" type="stmt"/>
        </file>
      </package>
      <package name="src.components">
        <metrics statements="83" coveredstatements="0" conditionals="4" coveredconditionals="0" methods="44" coveredmethods="0"/>
        <file name="Dashboard.vue" path="/home/ddi-pc-10/Markup Development/Vue Learn/employeemanager/src/components/Dashboard.vue">
          <metrics statements="7" coveredstatements="0" conditionals="0" coveredconditionals="0" methods="4" coveredmethods="0"/>
          <line num="28" count="0" type="stmt"/>
          <line num="33" count="0" type="stmt"/>
          <line num="37" count="0" type="stmt"/>
          <line num="38" count="0" type="stmt"/>
          <line num="39" count="0" type="stmt"/>
          <line num="40" count="0" type="stmt"/>
          <line num="47" count="0" type="stmt"/>
        </file>
        <file name="EditEmployee.vue" path="/home/ddi-pc-10/Markup Development/Vue Learn/employeemanager/src/components/EditEmployee.vue">
          <metrics statements="21" coveredstatements="0" conditionals="0" coveredconditionals="0" methods="12" coveredmethods="0"/>
          <line num="34" count="0" type="stmt"/>
          <line num="39" count="0" type="stmt"/>
          <line num="47" count="0" type="stmt"/>
          <line num="49" count="0" type="stmt"/>
          <line num="50" count="0" type="stmt"/>
          <line num="51" count="0" type="stmt"/>
          <line num="52" count="0" type="stmt"/>
          <line num="53" count="0" type="stmt"/>
          <line num="54" count="0" type="stmt"/>
          <line num="63" count="0" type="stmt"/>
          <line num="64" count="0" type="stmt"/>
          <line num="66" count="0" type="stmt"/>
          <line num="67" count="0" type="stmt"/>
          <line num="68" count="0" type="stmt"/>
          <line num="69" count="0" type="stmt"/>
          <line num="70" count="0" type="stmt"/>
          <line num="74" count="0" type="stmt"/>
          <line num="75" count="0" type="stmt"/>
          <line num="77" count="0" type="stmt"/>
          <line num="78" count="0" type="stmt"/>
          <line num="85" count="0" type="stmt"/>
        </file>
        <file name="HelloWorld.vue" path="/home/ddi-pc-10/Markup Development/Vue Learn/employeemanager/src/components/HelloWorld.vue">
          <metrics statements="1" coveredstatements="0" conditionals="0" coveredconditionals="0" methods="1" coveredmethods="0"/>
          <line num="90" count="0" type="stmt"/>
        </file>
        <file name="Login.vue" path="/home/ddi-pc-10/Markup Development/Vue Learn/employeemanager/src/components/Login.vue">
          <metrics statements="7" coveredstatements="0" conditionals="0" coveredconditionals="0" methods="4" coveredmethods="0"/>
          <line num="26" count="0" type="stmt"/>
          <line num="31" count="0" type="stmt"/>
          <line num="37" count="0" type="stmt"/>
          <line num="38" count="0" type="stmt"/>
          <line num="43" count="0" type="stmt"/>
          <line num="46" count="0" type="stmt"/>
          <line num="49" count="0" type="stmt"/>
        </file>
        <file name="Navbar.vue" path="/home/ddi-pc-10/Markup Development/Vue Learn/employeemanager/src/components/Navbar.vue">
          <metrics statements="8" coveredstatements="0" conditionals="2" coveredconditionals="0" methods="4" coveredmethods="0"/>
          <line num="30" count="0" type="stmt"/>
          <line num="35" count="0" type="stmt"/>
          <line num="41" count="0" type="cond" truecount="0" falsecount="2"/>
          <line num="42" count="0" type="stmt"/>
          <line num="43" count="0" type="stmt"/>
          <line num="47" count="0" type="stmt"/>
          <line num="48" count="0" type="stmt"/>
          <line num="52" count="0" type="stmt"/>
        </file>
        <file name="NewEmployee.vue" path="/home/ddi-pc-10/Markup Development/Vue Learn/employeemanager/src/components/NewEmployee.vue">
          <metrics statements="6" coveredstatements="0" conditionals="0" coveredconditionals="0" methods="4" coveredmethods="0"/>
          <line num="38" count="0" type="stmt"/>
          <line num="43" count="0" type="stmt"/>
          <line num="51" count="0" type="stmt"/>
          <line num="52" count="0" type="stmt"/>
          <line num="59" count="0" type="stmt"/>
          <line num="62" count="0" type="stmt"/>
        </file>
        <file name="Register.vue" path="/home/ddi-pc-10/Markup Development/Vue Learn/employeemanager/src/components/Register.vue">
          <metrics statements="7" coveredstatements="0" conditionals="0" coveredconditionals="0" methods="4" coveredmethods="0"/>
          <line num="26" count="0" type="stmt"/>
          <line num="31" count="0" type="stmt"/>
          <line num="37" count="0" type="stmt"/>
          <line num="38" count="0" type="stmt"/>
          <line num="43" count="0" type="stmt"/>
          <line num="46" count="0" type="stmt"/>
          <line num="49" count="0" type="stmt"/>
        </file>
        <file name="ViewEmployee.vue" path="/home/ddi-pc-10/Markup Development/Vue Learn/employeemanager/src/components/ViewEmployee.vue">
          <metrics statements="22" coveredstatements="0" conditionals="2" coveredconditionals="0" methods="11" coveredmethods="0"/>
          <line num="24" count="0" type="stmt"/>
          <line num="29" count="0" type="stmt"/>
          <line num="37" count="0" type="stmt"/>
          <line num="39" count="0" type="stmt"/>
          <line num="40" count="0" type="stmt"/>
          <line num="41" count="0" type="stmt"/>
          <line num="42" count="0" type="stmt"/>
          <line num="43" count="0" type="stmt"/>
          <line num="44" count="0" type="stmt"/>
          <line num="53" count="0" type="stmt"/>
          <line num="54" count="0" type="stmt"/>
          <line num="56" count="0" type="stmt"/>
          <line num="57" count="0" type="stmt"/>
          <line num="58" count="0" type="stmt"/>
          <line num="59" count="0" type="stmt"/>
          <line num="60" count="0" type="stmt"/>
          <line num="64" count="0" type="stmt"/>
          <line num="65" count="0" type="cond" truecount="0" falsecount="2"/>
          <line num="66" count="0" type="stmt"/>
          <line num="68" count="0" type="stmt"/>
          <line num="69" count="0" type="stmt"/>
          <line num="70" count="0" type="stmt"/>
        </file>
        <file name="firebaseInit.js" path="/home/ddi-pc-10/Markup Development/Vue Learn/employeemanager/src/components/firebaseInit.js">
          <metrics statements="4" coveredstatements="0" conditionals="0" coveredconditionals="0" methods="0" coveredmethods="0"/>
          <line num="1" count="0" type="stmt"/>
          <line num="2" count="0" type="stmt"/>
          <line num="3" count="0" type="stmt"/>
          <line num="5" count="0" type="stmt"/>
        </file>
      </package>
    </metrics>
  </project>
</coverage>
