{"/home/ddi-pc-10/Markup Development/Vue Learn/employeemanager/src/App.vue": {"path":"/home/ddi-pc-10/Markup Development/Vue Learn/employeemanager/src/App.vue","statementMap":{"0":{"start":{"line":14,"column":0},"end":{"line":null,"column":-1}}},"fnMap":{},"branchMap":{},"s":{"0":0},"f":{},"b":{}}
,"/home/ddi-pc-10/Markup Development/Vue Learn/employeemanager/src/components/Dashboard.vue": {"path":"/home/ddi-pc-10/Markup Development/Vue Learn/employeemanager/src/components/Dashboard.vue","statementMap":{"0":{"start":{"line":28,"column":0},"end":{"line":null,"column":-1}},"1":{"start":{"line":33,"column":0},"end":{"line":null,"column":-1}},"2":{"start":{"line":37,"column":0},"end":{"line":null,"column":-1}},"3":{"start":{"line":38,"column":0},"end":{"line":49,"column":0}},"4":{"start":{"line":39,"column":0},"end":{"line":48,"column":0}},"5":{"start":{"line":40,"column":0},"end":{"line":null,"column":-1}},"6":{"start":{"line":47,"column":0},"end":{"line":null,"column":-1}}},"fnMap":{"0":{"name":"data","decl":{"start":{"line":32,"column":0},"end":{"line":null,"column":-1}},"loc":{"start":{"line":32,"column":0},"end":{"line":36,"column":0}}},"1":{"name":"created","decl":{"start":{"line":37,"column":0},"end":{"line":null,"column":-1}},"loc":{"start":{"line":37,"column":0},"end":{"line":50,"column":0}}},"2":{"name":"(anonymous_4)","decl":{"start":{"line":38,"column":0},"end":{"line":null,"column":-1}},"loc":{"start":{"line":38,"column":0},"end":{"line":49,"column":0}}},"3":{"name":"(anonymous_5)","decl":{"start":{"line":39,"column":0},"end":{"line":null,"column":-1}},"loc":{"start":{"line":39,"column":0},"end":{"line":48,"column":0}}}},"branchMap":{},"s":{"0":0,"1":0,"2":0,"3":0,"4":0,"5":0,"6":0},"f":{"0":0,"1":0,"2":0,"3":0},"b":{}}
,"/home/ddi-pc-10/Markup Development/Vue Learn/employeemanager/src/components/EditEmployee.vue": {"path":"/home/ddi-pc-10/Markup Development/Vue Learn/employeemanager/src/components/EditEmployee.vue","statementMap":{"0":{"start":{"line":34,"column":0},"end":{"line":null,"column":-1}},"1":{"start":{"line":39,"column":0},"end":{"line":null,"column":-1}},"2":{"start":{"line":47,"column":0},"end":{"line":57,"column":0}},"3":{"start":{"line":49,"column":0},"end":{"line":56,"column":0}},"4":{"start":{"line":50,"column":0},"end":{"line":55,"column":0}},"5":{"start":{"line":51,"column":0},"end":{"line":null,"column":-1}},"6":{"start":{"line":52,"column":0},"end":{"line":null,"column":-1}},"7":{"start":{"line":53,"column":0},"end":{"line":null,"column":-1}},"8":{"start":{"line":54,"column":0},"end":{"line":null,"column":-1}},"9":{"start":{"line":63,"column":0},"end":{"line":null,"column":-1}},"10":{"start":{"line":64,"column":0},"end":{"line":72,"column":0}},"11":{"start":{"line":66,"column":0},"end":{"line":71,"column":0}},"12":{"start":{"line":67,"column":0},"end":{"line":null,"column":-1}},"13":{"start":{"line":68,"column":0},"end":{"line":null,"column":-1}},"14":{"start":{"line":69,"column":0},"end":{"line":null,"column":-1}},"15":{"start":{"line":70,"column":0},"end":{"line":null,"column":-1}},"16":{"start":{"line":74,"column":0},"end":{"line":null,"column":-1}},"17":{"start":{"line":75,"column":0},"end":{"line":88,"column":0}},"18":{"start":{"line":77,"column":0},"end":{"line":87,"column":0}},"19":{"start":{"line":78,"column":0},"end":{"line":86,"column":0}},"20":{"start":{"line":85,"column":0},"end":{"line":null,"column":-1}}},"fnMap":{"0":{"name":"data","decl":{"start":{"line":38,"column":0},"end":{"line":null,"column":-1}},"loc":{"start":{"line":38,"column":0},"end":{"line":45,"column":0}}},"1":{"name":"beforeRouteEnter","decl":{"start":{"line":46,"column":0},"end":{"line":null,"column":-1}},"loc":{"start":{"line":46,"column":0},"end":{"line":58,"column":0}}},"2":{"name":"(anonymous_4)","decl":{"start":{"line":47,"column":0},"end":{"line":null,"column":-1}},"loc":{"start":{"line":47,"column":0},"end":{"line":57,"column":0}}},"3":{"name":"(anonymous_5)","decl":{"start":{"line":49,"column":0},"end":{"line":null,"column":-1}},"loc":{"start":{"line":49,"column":0},"end":{"line":56,"column":0}}},"4":{"name":"(anonymous_6)","decl":{"start":{"line":50,"column":0},"end":{"line":null,"column":-1}},"loc":{"start":{"line":50,"column":0},"end":{"line":55,"column":0}}},"5":{"name":"fetchData","decl":{"start":{"line":63,"column":0},"end":{"line":null,"column":-1}},"loc":{"start":{"line":63,"column":0},"end":{"line":73,"column":0}}},"6":{"name":"(anonymous_8)","decl":{"start":{"line":64,"column":0},"end":{"line":null,"column":-1}},"loc":{"start":{"line":64,"column":0},"end":{"line":72,"column":0}}},"7":{"name":"(anonymous_9)","decl":{"start":{"line":66,"column":0},"end":{"line":null,"column":-1}},"loc":{"start":{"line":66,"column":0},"end":{"line":71,"column":0}}},"8":{"name":"updateEmployee","decl":{"start":{"line":74,"column":0},"end":{"line":null,"column":-1}},"loc":{"start":{"line":74,"column":0},"end":{"line":89,"column":0}}},"9":{"name":"(anonymous_11)","decl":{"start":{"line":75,"column":0},"end":{"line":null,"column":-1}},"loc":{"start":{"line":75,"column":0},"end":{"line":88,"column":0}}},"10":{"name":"(anonymous_12)","decl":{"start":{"line":77,"column":0},"end":{"line":null,"column":-1}},"loc":{"start":{"line":77,"column":0},"end":{"line":87,"column":0}}},"11":{"name":"(anonymous_13)","decl":{"start":{"line":78,"column":0},"end":{"line":null,"column":-1}},"loc":{"start":{"line":78,"column":0},"end":{"line":86,"column":0}}}},"branchMap":{},"s":{"0":0,"1":0,"2":0,"3":0,"4":0,"5":0,"6":0,"7":0,"8":0,"9":0,"10":0,"11":0,"12":0,"13":0,"14":0,"15":0,"16":0,"17":0,"18":0,"19":0,"20":0},"f":{"0":0,"1":0,"2":0,"3":0,"4":0,"5":0,"6":0,"7":0,"8":0,"9":0,"10":0,"11":0},"b":{}}
,"/home/ddi-pc-10/Markup Development/Vue Learn/employeemanager/src/components/HelloWorld.vue": {"path":"/home/ddi-pc-10/Markup Development/Vue Learn/employeemanager/src/components/HelloWorld.vue","statementMap":{"0":{"start":{"line":90,"column":0},"end":{"line":null,"column":-1}}},"fnMap":{"0":{"name":"data","decl":{"start":{"line":89,"column":0},"end":{"line":null,"column":-1}},"loc":{"start":{"line":89,"column":0},"end":{"line":93,"column":0}}}},"branchMap":{},"s":{"0":0},"f":{"0":0},"b":{}}
,"/home/ddi-pc-10/Markup Development/Vue Learn/employeemanager/src/components/Login.vue": {"path":"/home/ddi-pc-10/Markup Development/Vue Learn/employeemanager/src/components/Login.vue","statementMap":{"0":{"start":{"line":26,"column":0},"end":{"line":null,"column":-1}},"1":{"start":{"line":31,"column":0},"end":{"line":null,"column":-1}},"2":{"start":{"line":37,"column":0},"end":{"line":null,"column":-1}},"3":{"start":{"line":38,"column":0},"end":{"line":47,"column":0}},"4":{"start":{"line":43,"column":0},"end":{"line":null,"column":-1}},"5":{"start":{"line":46,"column":0},"end":{"line":null,"column":-1}},"6":{"start":{"line":49,"column":0},"end":{"line":null,"column":-1}}},"fnMap":{"0":{"name":"data","decl":{"start":{"line":30,"column":0},"end":{"line":null,"column":-1}},"loc":{"start":{"line":30,"column":0},"end":{"line":35,"column":0}}},"1":{"name":"login","decl":{"start":{"line":37,"column":0},"end":{"line":null,"column":-1}},"loc":{"start":{"line":37,"column":0},"end":{"line":50,"column":0}}},"2":{"name":"(anonymous_4)","decl":{"start":{"line":38,"column":0},"end":{"line":null,"column":-1}},"loc":{"start":{"line":38,"column":0},"end":{"line":44,"column":0}}},"3":{"name":"(anonymous_5)","decl":{"start":{"line":44,"column":0},"end":{"line":null,"column":-1}},"loc":{"start":{"line":44,"column":0},"end":{"line":47,"column":0}}}},"branchMap":{},"s":{"0":0,"1":0,"2":0,"3":0,"4":0,"5":0,"6":0},"f":{"0":0,"1":0,"2":0,"3":0},"b":{}}
,"/home/ddi-pc-10/Markup Development/Vue Learn/employeemanager/src/components/Navbar.vue": {"path":"/home/ddi-pc-10/Markup Development/Vue Learn/employeemanager/src/components/Navbar.vue","statementMap":{"0":{"start":{"line":30,"column":0},"end":{"line":null,"column":-1}},"1":{"start":{"line":35,"column":0},"end":{"line":null,"column":-1}},"2":{"start":{"line":41,"column":0},"end":{"line":44,"column":0}},"3":{"start":{"line":42,"column":0},"end":{"line":null,"column":-1}},"4":{"start":{"line":43,"column":0},"end":{"line":null,"column":-1}},"5":{"start":{"line":47,"column":0},"end":{"line":null,"column":-1}},"6":{"start":{"line":48,"column":0},"end":{"line":53,"column":0}},"7":{"start":{"line":52,"column":0},"end":{"line":null,"column":-1}}},"fnMap":{"0":{"name":"data","decl":{"start":{"line":34,"column":0},"end":{"line":null,"column":-1}},"loc":{"start":{"line":34,"column":0},"end":{"line":39,"column":0}}},"1":{"name":"created","decl":{"start":{"line":40,"column":0},"end":{"line":null,"column":-1}},"loc":{"start":{"line":40,"column":0},"end":{"line":45,"column":0}}},"2":{"name":"logout","decl":{"start":{"line":47,"column":0},"end":{"line":null,"column":-1}},"loc":{"start":{"line":47,"column":0},"end":{"line":54,"column":0}}},"3":{"name":"(anonymous_5)","decl":{"start":{"line":48,"column":0},"end":{"line":null,"column":-1}},"loc":{"start":{"line":48,"column":0},"end":{"line":53,"column":0}}}},"branchMap":{"0":{"loc":{"start":{"line":41,"column":0},"end":{"line":44,"column":0}},"type":"if","locations":[{"start":{"line":41,"column":0},"end":{"line":44,"column":0}},{"start":{"line":41,"column":0},"end":{"line":44,"column":0}}]}},"s":{"0":0,"1":0,"2":0,"3":0,"4":0,"5":0,"6":0,"7":0},"f":{"0":0,"1":0,"2":0,"3":0},"b":{"0":[0,0]}}
,"/home/ddi-pc-10/Markup Development/Vue Learn/employeemanager/src/components/NewEmployee.vue": {"path":"/home/ddi-pc-10/Markup Development/Vue Learn/employeemanager/src/components/NewEmployee.vue","statementMap":{"0":{"start":{"line":38,"column":0},"end":{"line":null,"column":-1}},"1":{"start":{"line":43,"column":0},"end":{"line":null,"column":-1}},"2":{"start":{"line":51,"column":0},"end":{"line":null,"column":-1}},"3":{"start":{"line":52,"column":0},"end":{"line":63,"column":0}},"4":{"start":{"line":59,"column":0},"end":{"line":null,"column":-1}},"5":{"start":{"line":62,"column":0},"end":{"line":null,"column":-1}}},"fnMap":{"0":{"name":"data","decl":{"start":{"line":42,"column":0},"end":{"line":null,"column":-1}},"loc":{"start":{"line":42,"column":0},"end":{"line":49,"column":0}}},"1":{"name":"saveEmployee","decl":{"start":{"line":51,"column":0},"end":{"line":null,"column":-1}},"loc":{"start":{"line":51,"column":0},"end":{"line":64,"column":0}}},"2":{"name":"(anonymous_4)","decl":{"start":{"line":52,"column":0},"end":{"line":null,"column":-1}},"loc":{"start":{"line":52,"column":0},"end":{"line":60,"column":0}}},"3":{"name":"(anonymous_5)","decl":{"start":{"line":60,"column":0},"end":{"line":null,"column":-1}},"loc":{"start":{"line":60,"column":0},"end":{"line":63,"column":0}}}},"branchMap":{},"s":{"0":0,"1":0,"2":0,"3":0,"4":0,"5":0},"f":{"0":0,"1":0,"2":0,"3":0},"b":{}}
,"/home/ddi-pc-10/Markup Development/Vue Learn/employeemanager/src/components/Register.vue": {"path":"/home/ddi-pc-10/Markup Development/Vue Learn/employeemanager/src/components/Register.vue","statementMap":{"0":{"start":{"line":26,"column":0},"end":{"line":null,"column":-1}},"1":{"start":{"line":31,"column":0},"end":{"line":null,"column":-1}},"2":{"start":{"line":37,"column":0},"end":{"line":null,"column":-1}},"3":{"start":{"line":38,"column":0},"end":{"line":47,"column":0}},"4":{"start":{"line":43,"column":0},"end":{"line":null,"column":-1}},"5":{"start":{"line":46,"column":0},"end":{"line":null,"column":-1}},"6":{"start":{"line":49,"column":0},"end":{"line":null,"column":-1}}},"fnMap":{"0":{"name":"data","decl":{"start":{"line":30,"column":0},"end":{"line":null,"column":-1}},"loc":{"start":{"line":30,"column":0},"end":{"line":35,"column":0}}},"1":{"name":"register","decl":{"start":{"line":37,"column":0},"end":{"line":null,"column":-1}},"loc":{"start":{"line":37,"column":0},"end":{"line":50,"column":0}}},"2":{"name":"(anonymous_4)","decl":{"start":{"line":38,"column":0},"end":{"line":null,"column":-1}},"loc":{"start":{"line":38,"column":0},"end":{"line":44,"column":0}}},"3":{"name":"(anonymous_5)","decl":{"start":{"line":44,"column":0},"end":{"line":null,"column":-1}},"loc":{"start":{"line":44,"column":0},"end":{"line":47,"column":0}}}},"branchMap":{},"s":{"0":0,"1":0,"2":0,"3":0,"4":0,"5":0,"6":0},"f":{"0":0,"1":0,"2":0,"3":0},"b":{}}
,"/home/ddi-pc-10/Markup Development/Vue Learn/employeemanager/src/components/ViewEmployee.vue": {"path":"/home/ddi-pc-10/Markup Development/Vue Learn/employeemanager/src/components/ViewEmployee.vue","statementMap":{"0":{"start":{"line":24,"column":0},"end":{"line":null,"column":-1}},"1":{"start":{"line":29,"column":0},"end":{"line":null,"column":-1}},"2":{"start":{"line":37,"column":0},"end":{"line":47,"column":0}},"3":{"start":{"line":39,"column":0},"end":{"line":46,"column":0}},"4":{"start":{"line":40,"column":0},"end":{"line":45,"column":0}},"5":{"start":{"line":41,"column":0},"end":{"line":null,"column":-1}},"6":{"start":{"line":42,"column":0},"end":{"line":null,"column":-1}},"7":{"start":{"line":43,"column":0},"end":{"line":null,"column":-1}},"8":{"start":{"line":44,"column":0},"end":{"line":null,"column":-1}},"9":{"start":{"line":53,"column":0},"end":{"line":null,"column":-1}},"10":{"start":{"line":54,"column":0},"end":{"line":62,"column":0}},"11":{"start":{"line":56,"column":0},"end":{"line":61,"column":0}},"12":{"start":{"line":57,"column":0},"end":{"line":null,"column":-1}},"13":{"start":{"line":58,"column":0},"end":{"line":null,"column":-1}},"14":{"start":{"line":59,"column":0},"end":{"line":null,"column":-1}},"15":{"start":{"line":60,"column":0},"end":{"line":null,"column":-1}},"16":{"start":{"line":64,"column":0},"end":{"line":null,"column":-1}},"17":{"start":{"line":65,"column":0},"end":{"line":73,"column":0}},"18":{"start":{"line":66,"column":0},"end":{"line":72,"column":0}},"19":{"start":{"line":68,"column":0},"end":{"line":71,"column":0}},"20":{"start":{"line":69,"column":0},"end":{"line":null,"column":-1}},"21":{"start":{"line":70,"column":0},"end":{"line":null,"column":-1}}},"fnMap":{"0":{"name":"data","decl":{"start":{"line":28,"column":0},"end":{"line":null,"column":-1}},"loc":{"start":{"line":28,"column":0},"end":{"line":35,"column":0}}},"1":{"name":"beforeRouteEnter","decl":{"start":{"line":36,"column":0},"end":{"line":null,"column":-1}},"loc":{"start":{"line":36,"column":0},"end":{"line":48,"column":0}}},"2":{"name":"(anonymous_4)","decl":{"start":{"line":37,"column":0},"end":{"line":null,"column":-1}},"loc":{"start":{"line":37,"column":0},"end":{"line":47,"column":0}}},"3":{"name":"(anonymous_5)","decl":{"start":{"line":39,"column":0},"end":{"line":null,"column":-1}},"loc":{"start":{"line":39,"column":0},"end":{"line":46,"column":0}}},"4":{"name":"(anonymous_6)","decl":{"start":{"line":40,"column":0},"end":{"line":null,"column":-1}},"loc":{"start":{"line":40,"column":0},"end":{"line":45,"column":0}}},"5":{"name":"fetchData","decl":{"start":{"line":53,"column":0},"end":{"line":null,"column":-1}},"loc":{"start":{"line":53,"column":0},"end":{"line":63,"column":0}}},"6":{"name":"(anonymous_8)","decl":{"start":{"line":54,"column":0},"end":{"line":null,"column":-1}},"loc":{"start":{"line":54,"column":0},"end":{"line":62,"column":0}}},"7":{"name":"(anonymous_9)","decl":{"start":{"line":56,"column":0},"end":{"line":null,"column":-1}},"loc":{"start":{"line":56,"column":0},"end":{"line":61,"column":0}}},"8":{"name":"deleteEmployee","decl":{"start":{"line":64,"column":0},"end":{"line":null,"column":-1}},"loc":{"start":{"line":64,"column":0},"end":{"line":74,"column":0}}},"9":{"name":"(anonymous_11)","decl":{"start":{"line":66,"column":0},"end":{"line":null,"column":-1}},"loc":{"start":{"line":66,"column":0},"end":{"line":72,"column":0}}},"10":{"name":"(anonymous_12)","decl":{"start":{"line":68,"column":0},"end":{"line":null,"column":-1}},"loc":{"start":{"line":68,"column":0},"end":{"line":71,"column":0}}}},"branchMap":{"0":{"loc":{"start":{"line":65,"column":0},"end":{"line":73,"column":0}},"type":"if","locations":[{"start":{"line":65,"column":0},"end":{"line":73,"column":0}},{"start":{"line":65,"column":0},"end":{"line":73,"column":0}}]}},"s":{"0":0,"1":0,"2":0,"3":0,"4":0,"5":0,"6":0,"7":0,"8":0,"9":0,"10":0,"11":0,"12":0,"13":0,"14":0,"15":0,"16":0,"17":0,"18":0,"19":0,"20":0,"21":0},"f":{"0":0,"1":0,"2":0,"3":0,"4":0,"5":0,"6":0,"7":0,"8":0,"9":0,"10":0},"b":{"0":[0,0]}}
,"/home/ddi-pc-10/Markup Development/Vue Learn/employeemanager/src/components/firebaseInit.js": {"path":"/home/ddi-pc-10/Markup Development/Vue Learn/employeemanager/src/components/firebaseInit.js","statementMap":{"0":{"start":{"line":1,"column":0},"end":{"line":null,"column":-1}},"1":{"start":{"line":2,"column":0},"end":{"line":null,"column":-1}},"2":{"start":{"line":3,"column":0},"end":{"line":null,"column":-1}},"3":{"start":{"line":5,"column":20},"end":{"line":5,"column":0}}},"fnMap":{},"branchMap":{},"s":{"0":0,"1":0,"2":0,"3":0},"f":{},"b":{}}
}
