TN:
SF:/home/ddi-pc-10/Markup Development/Vue Learn/employeemanager/src/App.vue
FNF:0
FNH:0
DA:14,0
LF:1
LH:0
BRF:0
BRH:0
end_of_record
TN:
SF:/home/ddi-pc-10/Markup Development/Vue Learn/employeemanager/src/components/Dashboard.vue
FN:32,data
FN:37,created
FN:38,(anonymous_4)
FN:39,(anonymous_5)
FNF:4
FNH:0
FNDA:0,data
FNDA:0,created
FNDA:0,(anonymous_4)
FNDA:0,(anonymous_5)
DA:28,0
DA:33,0
DA:37,0
DA:38,0
DA:39,0
DA:40,0
DA:47,0
LF:7
LH:0
BRF:0
BRH:0
end_of_record
TN:
SF:/home/ddi-pc-10/Markup Development/Vue Learn/employeemanager/src/components/EditEmployee.vue
FN:38,data
FN:46,beforeRouteEnter
FN:47,(anonymous_4)
FN:49,(anonymous_5)
FN:50,(anonymous_6)
FN:63,fetchData
FN:64,(anonymous_8)
FN:66,(anonymous_9)
FN:74,updateEmployee
FN:75,(anonymous_11)
FN:77,(anonymous_12)
FN:78,(anonymous_13)
FNF:12
FNH:0
FNDA:0,data
FNDA:0,beforeRouteEnter
FNDA:0,(anonymous_4)
FNDA:0,(anonymous_5)
FNDA:0,(anonymous_6)
FNDA:0,fetchData
FNDA:0,(anonymous_8)
FNDA:0,(anonymous_9)
FNDA:0,updateEmployee
FNDA:0,(anonymous_11)
FNDA:0,(anonymous_12)
FNDA:0,(anonymous_13)
DA:34,0
DA:39,0
DA:47,0
DA:49,0
DA:50,0
DA:51,0
DA:52,0
DA:53,0
DA:54,0
DA:63,0
DA:64,0
DA:66,0
DA:67,0
DA:68,0
DA:69,0
DA:70,0
DA:74,0
DA:75,0
DA:77,0
DA:78,0
DA:85,0
LF:21
LH:0
BRF:0
BRH:0
end_of_record
TN:
SF:/home/ddi-pc-10/Markup Development/Vue Learn/employeemanager/src/components/HelloWorld.vue
FN:89,data
FNF:1
FNH:0
FNDA:0,data
DA:90,0
LF:1
LH:0
BRF:0
BRH:0
end_of_record
TN:
SF:/home/ddi-pc-10/Markup Development/Vue Learn/employeemanager/src/components/Login.vue
FN:30,data
FN:37,login
FN:38,(anonymous_4)
FN:44,(anonymous_5)
FNF:4
FNH:0
FNDA:0,data
FNDA:0,login
FNDA:0,(anonymous_4)
FNDA:0,(anonymous_5)
DA:26,0
DA:31,0
DA:37,0
DA:38,0
DA:43,0
DA:46,0
DA:49,0
LF:7
LH:0
BRF:0
BRH:0
end_of_record
TN:
SF:/home/ddi-pc-10/Markup Development/Vue Learn/employeemanager/src/components/Navbar.vue
FN:34,data
FN:40,created
FN:47,logout
FN:48,(anonymous_5)
FNF:4
FNH:0
FNDA:0,data
FNDA:0,created
FNDA:0,logout
FNDA:0,(anonymous_5)
DA:30,0
DA:35,0
DA:41,0
DA:42,0
DA:43,0
DA:47,0
DA:48,0
DA:52,0
LF:8
LH:0
BRDA:41,0,0,0
BRDA:41,0,1,0
BRF:2
BRH:0
end_of_record
TN:
SF:/home/ddi-pc-10/Markup Development/Vue Learn/employeemanager/src/components/NewEmployee.vue
FN:42,data
FN:51,saveEmployee
FN:52,(anonymous_4)
FN:60,(anonymous_5)
FNF:4
FNH:0
FNDA:0,data
FNDA:0,saveEmployee
FNDA:0,(anonymous_4)
FNDA:0,(anonymous_5)
DA:38,0
DA:43,0
DA:51,0
DA:52,0
DA:59,0
DA:62,0
LF:6
LH:0
BRF:0
BRH:0
end_of_record
TN:
SF:/home/ddi-pc-10/Markup Development/Vue Learn/employeemanager/src/components/Register.vue
FN:30,data
FN:37,register
FN:38,(anonymous_4)
FN:44,(anonymous_5)
FNF:4
FNH:0
FNDA:0,data
FNDA:0,register
FNDA:0,(anonymous_4)
FNDA:0,(anonymous_5)
DA:26,0
DA:31,0
DA:37,0
DA:38,0
DA:43,0
DA:46,0
DA:49,0
LF:7
LH:0
BRF:0
BRH:0
end_of_record
TN:
SF:/home/ddi-pc-10/Markup Development/Vue Learn/employeemanager/src/components/ViewEmployee.vue
FN:28,data
FN:36,beforeRouteEnter
FN:37,(anonymous_4)
FN:39,(anonymous_5)
FN:40,(anonymous_6)
FN:53,fetchData
FN:54,(anonymous_8)
FN:56,(anonymous_9)
FN:64,deleteEmployee
FN:66,(anonymous_11)
FN:68,(anonymous_12)
FNF:11
FNH:0
FNDA:0,data
FNDA:0,beforeRouteEnter
FNDA:0,(anonymous_4)
FNDA:0,(anonymous_5)
FNDA:0,(anonymous_6)
FNDA:0,fetchData
FNDA:0,(anonymous_8)
FNDA:0,(anonymous_9)
FNDA:0,deleteEmployee
FNDA:0,(anonymous_11)
FNDA:0,(anonymous_12)
DA:24,0
DA:29,0
DA:37,0
DA:39,0
DA:40,0
DA:41,0
DA:42,0
DA:43,0
DA:44,0
DA:53,0
DA:54,0
DA:56,0
DA:57,0
DA:58,0
DA:59,0
DA:60,0
DA:64,0
DA:65,0
DA:66,0
DA:68,0
DA:69,0
DA:70,0
LF:22
LH:0
BRDA:65,0,0,0
BRDA:65,0,1,0
BRF:2
BRH:0
end_of_record
TN:
SF:/home/ddi-pc-10/Markup Development/Vue Learn/employeemanager/src/components/firebaseInit.js
FNF:0
FNH:0
DA:1,0
DA:2,0
DA:3,0
DA:5,0
LF:4
LH:0
BRF:0
BRH:0
end_of_record
